<?xml version="1.0" encoding="UTF-8"?>
<!-- Generated by org.testng.reporters.JUnitReportReporter -->
<testsuite hostname="DESKTOP-F6N15AA" failures="0" tests="2" name="testcases.DashboardTest" time="3.820" errors="0" timestamp="2025-02-15T22:13:13 IST" skipped="0">
  <testcase classname="testcases.DashboardTest" name="verifyDashboardAsManager" time="1.890"/>
  <testcase classname="testcases.DashboardTest" name="verifyDashboardAsAssociate" time="1.930"/>
</testsuite> <!-- testcases.DashboardTest -->
