<?xml version="1.0" encoding="UTF-8"?>
<!-- Generated by org.testng.reporters.JUnitReportReporter -->
<testsuite hostname="DESKTOP-F6N15AA" failures="0" tests="1" name="testcases.ContactPersonTest" time="6.623" errors="0" timestamp="2025-02-14T23:06:54 IST" skipped="0">
  <testcase classname="testcases.ContactPersonTest" name="verifyAddContact" time="6.623"/>
</testsuite> <!-- testcases.ContactPersonTest -->
