<?xml version="1.0" encoding="UTF-8"?>
<!-- Generated by org.testng.reporters.JUnitReportReporter -->
<testsuite hostname="DESKTOP-F6N15AA" failures="0" tests="2" name="testcases.MilestoneTest" time="7.580" errors="0" timestamp="2025-02-15T22:47:02 IST" skipped="0">
  <testcase classname="testcases.MilestoneTest" name="verifyDisplaymanager" time="3.802"/>
  <testcase classname="testcases.MilestoneTest" name="verifyDisplayassociate" time="3.778"/>
</testsuite> <!-- testcases.MilestoneTest -->
