<?xml version="1.0" encoding="UTF-8"?>
<!-- Generated by org.testng.reporters.JUnitReportReporter -->
<testsuite hostname="DESKTOP-F6N15AA" failures="0" tests="2" name="testcases.AddvisitTest" time="11.901" errors="0" timestamp="2025-02-15T11:35:57 IST" skipped="0">
  <testcase classname="testcases.AddvisitTest" name="testAddVisitManager" time="6.589"/>
  <testcase classname="testcases.AddvisitTest" name="testAddVisitAssociate" time="5.312"/>
</testsuite> <!-- testcases.AddvisitTest -->
