<?xml version="1.0" encoding="UTF-8"?>
<!-- Generated by org.testng.reporters.JUnitReportReporter -->
<testsuite hostname="DESKTOP-F6N15AA" failures="0" tests="4" name="testcases.Logintest" time="4.356" errors="0" timestamp="2025-02-15T12:31:14 IST" skipped="0">
  <testcase classname="testcases.Logintest" name="forgotPasssword" time="0.893"/>
  <testcase classname="testcases.Logintest" name="loginAsManager" time="1.603"/>
  <testcase classname="testcases.Logintest" name="loginAsAssociate" time="1.625"/>
  <testcase classname="testcases.Logintest" name="blankCredentials" time="0.235"/>
</testsuite> <!-- testcases.Logintest -->
