<?xml version="1.0" encoding="UTF-8"?>
<!-- Generated by org.testng.reporters.JUnitReportReporter -->
<testsuite hostname="DESKTOP-F6N15AA" failures="0" tests="2" name="testcases.Logintest" time="3.309" errors="0" timestamp="2025-02-10T12:24:59 IST" skipped="0">
  <testcase classname="testcases.Logintest" name="loginAsManager" time="1.922"/>
  <testcase classname="testcases.Logintest" name="loginAsAssociate" time="1.387"/>
</testsuite> <!-- testcases.Logintest -->
