<?xml version="1.0" encoding="UTF-8"?>
<!-- Generated by org.testng.reporters.JUnitReportReporter -->
<testsuite hostname="DESKTOP-F6N15AA" failures="0" tests="2" name="testcases.DashboardTest" time="3.500" errors="0" timestamp="2025-02-13T09:56:40 IST" skipped="0">
  <testcase classname="testcases.DashboardTest" name="testDashboardAccessManager" time="2.040"/>
  <testcase classname="testcases.DashboardTest" name="testDashboardAccessAssociate" time="1.460"/>
</testsuite> <!-- testcases.DashboardTest -->
