<?xml version="1.0" encoding="UTF-8"?>
<!-- Generated by org.testng.reporters.JUnitReportReporter -->
<testsuite hostname="DESKTOP-F6N15AA" failures="0" tests="2" name="testcases.AddinsititutionTest" time="14.350" errors="0" timestamp="2025-02-17T17:17:36 IST" skipped="0">
  <testcase classname="testcases.AddinsititutionTest" name="addInstitutionAsManager" time="8.250"/>
  <testcase classname="testcases.AddinsititutionTest" name="addInstitutionAsAssociate" time="6.100"/>
</testsuite> <!-- testcases.AddinsititutionTest -->
