<?xml version="1.0" encoding="UTF-8"?>
<!-- Generated by org.testng.reporters.JUnitReportReporter -->
<testsuite hostname="DESKTOP-F6N15AA" failures="0" tests="1" name="testcases.ProfileViewtest" time="2.632" errors="0" timestamp="2025-02-12T22:02:56 IST" skipped="0">
  <testcase classname="testcases.ProfileViewtest" name="testProviewmanager" time="2.632"/>
</testsuite> <!-- testcases.ProfileViewtest -->
