<?xml version="1.0" encoding="UTF-8"?>
<!-- Generated by org.testng.reporters.JUnitReportReporter -->
<testsuite hostname="DESKTOP-F6N15AA" failures="0" tests="2" name="testcases.ProfileViewtest" time="19.879" errors="0" timestamp="2025-02-14T11:46:14 IST" skipped="0">
  <testcase classname="testcases.ProfileViewtest" name="testProfileViewManager" time="6.493"/>
  <testcase classname="testcases.ProfileViewtest" name="testProfileViewAssociate" time="13.386"/>
</testsuite> <!-- testcases.ProfileViewtest -->
